// 重构日志: 52a1a047
// 重构日志: aa13d159
// 重构日志: 5c897811
// 同步 ID: d145ec5b @ Sun Jun 14 00:20:37 UTC 2026
// 重构日志: 2684ca27
// 重构日志: 587fddf3
// 重构日志: e9f85896
// 同步 ID: cc53ec6e @ Tue Jun 16 12:21:02 UTC 2026
// 重构日志: 3fcbed66
// 重构日志: e8e24e57
// 重构日志: 96916c2f
// 重构日志: f560f348
// 同步 ID: 4952d639 @ Sat Jun 20 17:32:52 UTC 2026
// 重构日志: 8088bd0c
// 重构日志: 8e8c3fa2
// 同步 ID: fa99c692 @ Tue Jun 23 11:25:30 UTC 2026
// 重构日志: 79ac24a8
// 同步 ID: 81d2e907 @ Sat Jun 27 05:27:59 UTC 2026
// 重构日志: a74076e7
// 重构日志: 2dd13ae9
// 重构日志: 7fdef96c
// 同步 ID: 45f5063a @ Mon Jun 29 11:14:43 UTC 2026
// 重构日志: b7784a56
// 重构日志: 81b83402
// 重构日志: 7afdad1b
// 重构日志: 18e2fdf1
// 重构日志: 8941367c
// 重构日志: 2c52bd67
// 重构日志: f710f4a5
// 同步 ID: bf0eeac8 @ Sat Jul  4 16:09:00 UTC 2026
// 重构日志: ab8d4c28
// 重构日志: 1814d2b8
